Compiled jquery.js  (2ms)  (pid 83682)
Compiled jquery_ujs.js  (0ms)  (pid 83682)
Compiled bootstrap-transition.js  (0ms)  (pid 83682)
Compiled bootstrap-alert.js  (0ms)  (pid 83682)
Compiled bootstrap-button.js  (0ms)  (pid 83682)
Compiled bootstrap-carousel.js  (0ms)  (pid 83682)
Compiled bootstrap-collapse.js  (0ms)  (pid 83682)
Compiled bootstrap-dropdown.js  (1ms)  (pid 83682)
Compiled bootstrap-modal.js  (0ms)  (pid 83682)
Compiled bootstrap-scrollspy.js  (0ms)  (pid 83682)
Compiled bootstrap-tab.js  (0ms)  (pid 83682)
Compiled bootstrap-tooltip.js  (0ms)  (pid 83682)
Compiled bootstrap-popover.js  (0ms)  (pid 83682)
Compiled bootstrap-typeahead.js  (0ms)  (pid 83682)
Compiled bootstrap.js  (143ms)  (pid 83682)
Compiled application_feedback.js  (116ms)  (pid 83682)
Compiled bookRemover.js  (1ms)  (pid 83682)
Compiled bookSearch.js  (0ms)  (pid 83682)
Compiled books.js  (111ms)  (pid 83682)
Compiled bookshelfManager.js  (5ms)  (pid 83682)
Compiled favoriteships.js  (95ms)  (pid 83682)
Compiled feedbackCollector.js  (0ms)  (pid 83682)
Compiled info.js  (79ms)  (pid 83682)
Compiled location.js  (118ms)  (pid 83682)
Compiled locationManager.js  (1ms)  (pid 83682)
Compiled login.js  (87ms)  (pid 83682)
Compiled requestMaker.js  (1ms)  (pid 83682)
Compiled requestManager.js  (0ms)  (pid 83682)
Compiled requests.js  (77ms)  (pid 83682)
Compiled searchBar.js  (0ms)  (pid 83682)
Compiled users.js  (98ms)  (pid 83682)
Compiled application.js  (1180ms)  (pid 83682)
Compiled application_feedback.css  (8ms)  (pid 83682)
Compiled books.css  (21ms)  (pid 83682)
Compiled bootstrap_and_overrides.css  (1328ms)  (pid 83682)
Compiled favoriteships.css  (1ms)  (pid 83682)
Compiled info.css  (3ms)  (pid 83682)
Compiled location.css  (1ms)  (pid 83682)
Compiled login.css  (1ms)  (pid 83682)
Compiled requests.css  (1ms)  (pid 83682)
Compiled ui-lightness/jquery-ui-1.8.21.custom.css  (0ms)  (pid 83682)
Compiled users.css  (79ms)  (pid 83682)
Compiled application.css  (1521ms)  (pid 83682)
